----------------------------------------------------------------
Fri Apr 28 11:32:18 GMT+01:00 2017:
Amorçage de Derby version The Apache Software Foundation - Apache Derby - 10.11.1.1 - (1616546) : instance a816c00e-015b-b41e-52fb-000002d7afa8 
dans le répertoire de base de données /home/jason/git_projects/OOD/OOD/databasetestDerby avec le chargeur de classe sun.misc.Launcher$AppClassLoader@31eeeaed
Chargé de file:/home/jason/projets/db-derby/lib/derby.jar
java.vendor=Oracle Corporation
java.runtime.version=1.7.0_95-b00
user.dir=/home/jason/git_projects/OOD/OOD
os.name=Linux
os.arch=amd64
os.version=4.4.0-75-generic
derby.system.home=null
Chargeur de classe de la base de données démarré - derby.database.classpath = ''
----------------------------------------------------------------
Fri Apr 28 11:32:25 GMT+01:00 2017:
Fermeture de l'instance a816c00e-015b-b41e-52fb-000002d7afa8 sur le répertoire de base de données /home/jason/git_projects/OOD/OOD/databasetestDerby avec le chargeur de classe sun.misc.Launcher$AppClassLoader@31eeeaed 
----------------------------------------------------------------
Fri Apr 28 11:32:25 GMT+01:00 2017:
Amorçage de Derby version The Apache Software Foundation - Apache Derby - 10.11.1.1 - (1616546) : instance 6aae819c-015b-b41e-52fb-000002d7afa8 
dans le répertoire de base de données /home/jason/git_projects/OOD/OOD/databasetestDerby avec le chargeur de classe sun.misc.Launcher$AppClassLoader@31eeeaed
Chargé de file:/home/jason/projets/db-derby/lib/derby.jar
java.vendor=Oracle Corporation
java.runtime.version=1.7.0_95-b00
user.dir=/home/jason/git_projects/OOD/OOD
os.name=Linux
os.arch=amd64
os.version=4.4.0-75-generic
derby.system.home=null
Chargeur de classe de la base de données démarré - derby.database.classpath = ''
----------------------------------------------------------------
Fri Apr 28 11:32:37 GMT+01:00 2017:
Amorçage de Derby version The Apache Software Foundation - Apache Derby - 10.11.1.1 - (1616546) : instance 9a558b9d-015b-b41e-52fb-000002d7afa8 
dans le répertoire de base de données /home/jason/git_projects/OOD/OOD/databasetestDerbyb avec le chargeur de classe sun.misc.Launcher$AppClassLoader@31eeeaed
Chargé de file:/home/jason/projets/db-derby/lib/derby.jar
java.vendor=Oracle Corporation
java.runtime.version=1.7.0_95-b00
user.dir=/home/jason/git_projects/OOD/OOD
os.name=Linux
os.arch=amd64
os.version=4.4.0-75-generic
derby.system.home=null
Chargeur de classe de la base de données démarré - derby.database.classpath = ''
----------------------------------------------------------------
Fri Apr 28 11:45:11 GMT+01:00 2017:
Fermeture de l'instance 6aae819c-015b-b41e-52fb-000002d7afa8 sur le répertoire de base de données /home/jason/git_projects/OOD/OOD/databasetestDerby avec le chargeur de classe sun.misc.Launcher$AppClassLoader@31eeeaed 
----------------------------------------------------------------
Fri Apr 28 11:45:12 GMT+01:00 2017:
Fermeture de l'instance 9a558b9d-015b-b41e-52fb-000002d7afa8 sur le répertoire de base de données /home/jason/git_projects/OOD/OOD/databasetestDerbyb avec le chargeur de classe sun.misc.Launcher$AppClassLoader@31eeeaed 
New exception raised during cleanup null
java.lang.NullPointerException
	at org.apache.derby.impl.store.raw.log.LogToFile.flush(Unknown Source)
	at org.apache.derby.impl.store.raw.log.LogToFile.flushAll(Unknown Source)
	at org.apache.derby.impl.store.raw.log.FileLogger.flushAll(Unknown Source)
	at org.apache.derby.impl.store.raw.xact.Xact.abort(Unknown Source)
	at org.apache.derby.impl.store.raw.xact.XactContext.cleanupOnError(Unknown Source)
	at org.apache.derby.iapi.services.context.ContextManager.cleanupOnError(Unknown Source)
	at org.apache.derby.impl.jdbc.TransactionResourceImpl.cleanupOnError(Unknown Source)
	at org.apache.derby.impl.jdbc.EmbedConnection.close(Unknown Source)
	at org.apache.derby.impl.jdbc.EmbedConnection.close(Unknown Source)
	at com.distrimind.ood.database.EmbeddedDerbyWrapper.closeConnection(EmbeddedDerbyWrapper.java:161)
	at com.distrimind.ood.database.DatabaseWrapper.close(DatabaseWrapper.java:766)
	at com.distrimind.ood.tests.TestDatabase.unloadDatabase(TestDatabase.java:296)
	at com.distrimind.ood.tests.DerbyTestDatabase.unloadDatabase(DerbyTestDatabase.java:106)
	at sun.reflect.NativeMethodAccessorImpl.invoke0(Native Method)
	at sun.reflect.NativeMethodAccessorImpl.invoke(NativeMethodAccessorImpl.java:57)
	at sun.reflect.DelegatingMethodAccessorImpl.invoke(DelegatingMethodAccessorImpl.java:43)
	at java.lang.reflect.Method.invoke(Method.java:606)
	at org.testng.internal.MethodInvocationHelper.invokeMethod(MethodInvocationHelper.java:104)
	at org.testng.internal.Invoker.invokeConfigurationMethod(Invoker.java:515)
	at org.testng.internal.Invoker.invokeConfigurations(Invoker.java:217)
	at org.testng.internal.Invoker.invokeConfigurations(Invoker.java:144)
	at org.testng.internal.TestMethodWorker.invokeAfterClassMethods(TestMethodWorker.java:217)
	at org.testng.internal.TestMethodWorker.run(TestMethodWorker.java:115)
	at org.testng.TestRunner.privateRun(TestRunner.java:756)
	at org.testng.TestRunner.run(TestRunner.java:610)
	at org.testng.SuiteRunner.runTest(SuiteRunner.java:387)
	at org.testng.SuiteRunner.runSequentially(SuiteRunner.java:382)
	at org.testng.SuiteRunner.privateRun(SuiteRunner.java:340)
	at org.testng.SuiteRunner.run(SuiteRunner.java:289)
	at org.testng.SuiteRunnerWorker.runSuite(SuiteRunnerWorker.java:52)
	at org.testng.SuiteRunnerWorker.run(SuiteRunnerWorker.java:86)
	at org.testng.TestNG.runSuitesSequentially(TestNG.java:1293)
	at org.testng.TestNG.runSuitesLocally(TestNG.java:1218)
	at org.testng.TestNG.runSuites(TestNG.java:1133)
	at org.testng.TestNG.run(TestNG.java:1104)
	at org.testng.remote.AbstractRemoteTestNG.run(AbstractRemoteTestNG.java:132)
	at org.testng.remote.RemoteTestNG.initAndRun(RemoteTestNG.java:236)
	at org.testng.remote.RemoteTestNG.main(RemoteTestNG.java:81)
Cleanup action completed
